TN:
SF:src\modules\posts\service\posts.service.ts
FN:14,(anonymous_7)
FN:19,(anonymous_9)
FN:27,(anonymous_11)
FN:41,(anonymous_13)
FN:47,(anonymous_15)
FN:53,(anonymous_17)
FNF:6
FNH:3
FNDA:0,(anonymous_7)
FNDA:0,(anonymous_9)
FNDA:3,(anonymous_11)
FNDA:2,(anonymous_13)
FNDA:2,(anonymous_15)
FNDA:0,(anonymous_17)
DA:1,1
DA:2,1
DA:4,1
DA:15,0
DA:16,0
DA:20,0
DA:21,0
DA:22,0
DA:24,0
DA:28,3
DA:29,3
DA:30,1
DA:33,2
DA:34,1
DA:37,1
DA:38,1
DA:42,2
DA:43,1
DA:44,1
DA:48,2
DA:49,1
DA:50,1
DA:55,0
DA:56,0
DA:57,0
DA:59,0
DA:63,1
LF:27
LH:17
BRDA:21,0,0,0
BRDA:29,1,0,1
BRDA:33,2,0,1
BRDA:33,3,0,2
BRDA:33,3,1,1
BRDA:56,4,0,0
BRF:6
BRH:4
end_of_record
TN:
SF:src\utils\error\custom.error.ts
FN:4,(anonymous_0)
FNF:1
FNH:1
FNDA:8,(anonymous_0)
DA:1,1
DA:5,8
DA:6,8
DA:7,8
LF:4
LH:4
BRF:0
BRH:0
end_of_record
